<?xml version="1.0" encoding="UTF-8"?>
<!-- Generated by org.testng.reporters.JUnitXMLReporter -->
<testsuite hostname="LAPTOP-JP85NQOG" name="Validating text" tests="1" failures="1" timestamp="18 May 2021 07:45:00 GMT" time="25.656" errors="0">
  <testcase name="basePageNavigation" time="0.075" classname="Academy.validateTitle">
    <failure type="java.lang.AssertionError" message="Text does not match expected [FEATURED COURSEs] but found [FEATURED COURSES]">
      <![CDATA[java.lang.AssertionError: Text does not match expected [FEATURED COURSEs] but found [FEATURED COURSES]
	at Academy.validateTitle.basePageNavigation(validateTitle.java:38)
	at java.util.concurrent.FutureTask.run(FutureTask.java:266)
	at java.util.concurrent.ThreadPoolExecutor.runWorker(ThreadPoolExecutor.java:1149)
	at java.util.concurrent.ThreadPoolExecutor$Worker.run(ThreadPoolExecutor.java:624)
	at java.lang.Thread.run(Thread.java:748)
... Removed 20 stack frames]]>
    </failure>
  </testcase> <!-- basePageNavigation -->
</testsuite> <!-- Validating text -->
