<?xml version="1.0" encoding="UTF-8"?>
<testng-results skipped="0" failed="1" total="2" passed="1">
  <reporter-output>
  </reporter-output>
  <suite name="Suite" duration-ms="30683" started-at="2021-05-18T07:44:34Z" finished-at="2021-05-18T07:45:05Z">
    <groups>
    </groups>
    <test name="Validating text" duration-ms="25656" started-at="2021-05-18T07:44:34Z" finished-at="2021-05-18T07:45:00Z">
      <class name="Academy.validateTitle">
        <test-method status="PASS" signature="initialize()[pri:0, instance:Academy.validateTitle@4f18837a]" name="initialize" is-config="true" duration-ms="24093" started-at="2021-05-18T13:14:34Z" finished-at="2021-05-18T13:14:58Z">
          <reporter-output>
          </reporter-output>
        </test-method> <!-- initialize -->
        <test-method status="FAIL" signature="basePageNavigation()[pri:0, instance:Academy.validateTitle@4f18837a]" name="basePageNavigation" duration-ms="75" started-at="2021-05-18T13:14:58Z" finished-at="2021-05-18T13:14:58Z">
          <exception class="java.lang.AssertionError">
            <message>
              <![CDATA[Text does not match expected [FEATURED COURSEs] but found [FEATURED COURSES]]]>
            </message>
            <full-stacktrace>
              <![CDATA[java.lang.AssertionError: Text does not match expected [FEATURED COURSEs] but found [FEATURED COURSES]
	at org.testng.Assert.fail(Assert.java:94)
	at org.testng.Assert.failNotEquals(Assert.java:494)
	at org.testng.Assert.assertEquals(Assert.java:123)
	at org.testng.Assert.assertEquals(Assert.java:176)
	at Academy.validateTitle.basePageNavigation(validateTitle.java:38)
	at sun.reflect.NativeMethodAccessorImpl.invoke0(Native Method)
	at sun.reflect.NativeMethodAccessorImpl.invoke(NativeMethodAccessorImpl.java:62)
	at sun.reflect.DelegatingMethodAccessorImpl.invoke(DelegatingMethodAccessorImpl.java:43)
	at java.lang.reflect.Method.invoke(Method.java:498)
	at org.testng.internal.MethodInvocationHelper.invokeMethod(MethodInvocationHelper.java:80)
	at org.testng.internal.Invoker.invokeMethod(Invoker.java:714)
	at org.testng.internal.Invoker.invokeTestMethod(Invoker.java:901)
	at org.testng.internal.Invoker.invokeTestMethods(Invoker.java:1231)
	at org.testng.internal.TestMethodWorker.invokeTestMethods(TestMethodWorker.java:127)
	at org.testng.internal.TestMethodWorker.run(TestMethodWorker.java:111)
	at org.testng.TestRunner.privateRun(TestRunner.java:767)
	at org.testng.TestRunner.run(TestRunner.java:617)
	at org.testng.SuiteRunner.runTest(SuiteRunner.java:334)
	at org.testng.SuiteRunner.access$000(SuiteRunner.java:37)
	at org.testng.SuiteRunner$SuiteWorker.run(SuiteRunner.java:368)
	at org.testng.internal.thread.ThreadUtil$2.call(ThreadUtil.java:64)
	at java.util.concurrent.FutureTask.run(FutureTask.java:266)
	at java.util.concurrent.ThreadPoolExecutor.runWorker(ThreadPoolExecutor.java:1149)
	at java.util.concurrent.ThreadPoolExecutor$Worker.run(ThreadPoolExecutor.java:624)
	at java.lang.Thread.run(Thread.java:748)
]]>
            </full-stacktrace>
          </exception> <!-- java.lang.AssertionError -->
          <reporter-output>
          </reporter-output>
        </test-method> <!-- basePageNavigation -->
        <test-method status="PASS" signature="Teardown()[pri:0, instance:Academy.validateTitle@4f18837a]" name="Teardown" is-config="true" duration-ms="1473" started-at="2021-05-18T13:14:58Z" finished-at="2021-05-18T13:15:00Z">
          <reporter-output>
          </reporter-output>
        </test-method> <!-- Teardown -->
      </class> <!-- Academy.validateTitle -->
    </test> <!-- Validating text -->
    <test name="Validating LogIn" duration-ms="30683" started-at="2021-05-18T07:44:34Z" finished-at="2021-05-18T07:45:05Z">
      <class name="Academy.HomePage">
        <test-method status="PASS" signature="initialize()[pri:0, instance:Academy.HomePage@498d318c]" name="initialize" is-config="true" duration-ms="13134" started-at="2021-05-18T13:14:34Z" finished-at="2021-05-18T13:14:47Z">
          <reporter-output>
          </reporter-output>
        </test-method> <!-- initialize -->
        <test-method status="PASS" signature="basePageNavigation(java.lang.String, java.lang.String)[pri:0, instance:Academy.HomePage@498d318c]" name="basePageNavigation" duration-ms="17130" started-at="2021-05-18T13:14:47Z" data-provider="getData" finished-at="2021-05-18T13:15:05Z">
          <params>
            <param index="0">
              <value>
                <![CDATA[]]>
              </value>
            </param>
            <param index="1">
              <value>
                <![CDATA[]]>
              </value>
            </param>
          </params>
          <reporter-output>
          </reporter-output>
        </test-method> <!-- basePageNavigation -->
        <test-method status="PASS" signature="Teardown()[pri:0, instance:Academy.HomePage@498d318c]" name="Teardown" is-config="true" duration-ms="395" started-at="2021-05-18T13:15:05Z" finished-at="2021-05-18T13:15:05Z">
          <reporter-output>
          </reporter-output>
        </test-method> <!-- Teardown -->
      </class> <!-- Academy.HomePage -->
    </test> <!-- Validating LogIn -->
  </suite> <!-- Suite -->
</testng-results>
